
012131.jpg not used!
012214.jpg not used!
023415.jpg not used!
042625.jpg not used!
052351.jpg not used!
052425.jpg not used!
052435.jpg not used!
052452.jpg not used!
052626.jpg not used!
052905.jpg not used!
053225.jpg not used!
053413.jpg not used!
053503.jpg not used!
053547.jpg not used!
053957.jpg not used!
054817_AFK Arena.jpg not used!
061403.jpg not used!
075356.jpg not used!
1.jpg not used!
10.jpg not used!
1080dayspassed.jpg not used!
11.jpg not used!
112215.jpg not used!
114940.jpg not used!
115201.jpg not used!
115446.jpg not used!
115520.jpg not used!
115636.jpg not used!
115750.jpg not used!
12.webp not used!
13.jpg not used!
14.jpg not used!
140618.jpg not used!
141959.jpg not used!
151512.jpg not used!
153421.jpg not used!
163335.jpg not used!
170631.jpg not used!
171210.jpg not used!
171338.jpg not used!
173522.jpg not used!
173801.jpg not used!
173807.jpg not used!
174748.jpg not used!
181317.jpg not used!
182134.jpg not used!
192647.jpg not used!
195746.jpg not used!
1_04.05.07.440.jpg not used!
1_12.03.58.129.jpg not used!
2.jpg not used!
2022-11-11 20_34_53-32 Main.jpg not used!
20220806_pvpchest4gi_LC_RO32.jpg not used!
20221031_032449982_iOS.jpg not used!
20221031_033548430_iOS.jpg not used!
20221219_080108155_iOS.jpg not used!
203908.jpg not used!
233109.jpg not used!
23_01_16.jpg not used!
23_04_10.jpg not used!
240twin_ntmail.jpg not used!
2_07.23.24.742.jpg not used!
2_08.56.24.947.jpg not used!
2_09.56.19.621.jpg not used!
2_19.06.47.906.jpg not used!
2_21.13.36.906.jpg not used!
2_21.18.07.538.jpg not used!
3Xfurnidraw.jpg not used!
4.jpg not used!
4_09.45.17.582.jpg not used!
4_09.51.09.699.jpg not used!
4_09.53.30.783.jpg not used!
5.jpg not used!
5.webp not used!
6_18.01.34.413.jpg not used!
6_18.01.38.713.jpg not used!
7.JPG not used!
7_01.58.17.300.jpg not used!
7_13.18.20.846.jpg not used!
800towers.jpg not used!
89fad89ffa0c2f19.jpg not used!
8_02.31.59.353.jpg not used!
8_02.32.02.687.jpg not used!
8_02.32.16.553.jpg not used!
9.jpg not used!
9_05.16.59.206.jpg not used!
9_05.17.49.888.jpg not used!
9_05.18.51.872.jpg not used!
9_05.19.10.638.jpg not used!
9_05.19.35.722.jpg not used!
9_05.21.18.705.jpg not used!
9_13.42.49.888.jpg not used!
AE-S7_Comps-New.jpg not used!
AES9_fire_map.webp not used!
AE_S9_Map_T7_count_363.jpg not used!
AE_S9_Map_clean.jpg not used!
AEs7boss.jpg not used!
Duo_brut_astar.jpg not used!
EsTeHZjv0OI.jpg not used!
HD-Player_aakTCaxgVA.jpg not used!
Haelus1star2diff.jpg not used!
IMG_1533.jpg not used!
IMG_1588.jpg not used!
IMG_1632.jpg not used!
IMG_1651.jpg not used!
IMG_1694.jpg not used!
IMG_1702.jpg not used!
IMG_1726.jpg not used!
IMG_1737.jpg not used!
IMG_1756.jpg not used!
IMG_1757.jpg not used!
IMG_1782.jpg not used!
IMG_1784.jpg not used!
IMG_1786.jpg not used!
IMG_1806.jpg not used!
IMG_1828.jpg not used!
IMG_1829.jpg not used!
IMG_1885.jpg not used!
IMG_3370.jpg not used!
IMG_3446.jpg not used!
IMG_4279.jpg not used!
IMG_4476.jpg not used!
IMG_4700.jpg not used!
IMG_4865.jpg not used!
IMG_4874.jpg not used!
IMG_5079.jpg not used!
NoMercy230125_full.jpg not used!
NoMercy_230522.jpg not used!
Sadow_Invasion_Records.jpg not used!
Screenshot 2022-04-17 064233.jpg not used!
Screenshot 2022-06-23 081901.jpg not used!
Screenshot 2022-07-20 222941.jpg not used!
Screenshot 2022-07-20 223201.jpg not used!
T3_1.jpg not used!
T3_2.jpg not used!
T4_1.jpg not used!
T4_2.jpg not used!
T4_22222.jpg not used!
T4_3333.jpg not used!
T5_2.jpg not used!
T5_Exc_Hren.jpg not used!
Untitled.jpg not used!
ae9per.jpeg not used!
ae9rawtop.jpeg not used!
aenewbieguide.webp not used!
all.jpg not used!
all_townfarm.jpg not used!
almostftp.jpg not used!
alteam.jpg not used!
banner_rankboard.jpg not used!
banner_rankboard_s2.jpg not used!
banner_rankboard_s3.jpg not used!
beginning.jpg not used!
bg.jpg not used!
boom-tali.jpg not used!
buff.jpg not used!
celerity.jpg not used!
chap44.jpg not used!
clown3.jpg not used!
clownmeme_1.jpg not used!
clownmeme_2.jpg not used!
clownmeme_3.jpg not used!
clownmeme_4.jpg not used!
clownmeme_5.jpg not used!
clownmeme_6.jpg not used!
clownmeme_7.jpg not used!
comeinhosp2.jpg not used!
comeinhosp3.jpg not used!
comeinhospital.jpg not used!
dalax1fhp.jpg not used!
dalax1lifeib480.jpg not used!
drezt5.jpg not used!
emo_talismane.jpg not used!
everythinghappensforareason.jpg not used!
favicon.jpg not used!
final_blow.jpg not used!
finalboss.jpg not used!
fullftp.jpg not used!
gatedefenders.jpg not used!
gtfo.jpg not used!
him.jpg not used!
icon_emblem_9_3.jpg not used!
icon_rank_1.jpg not used!
icon_rank_2.jpg not used!
icon_rank_3.jpg not used!
icon_rank_4.jpg not used!
icon_rank_5.jpg not used!
icon_rank_6.jpg not used!
icon_rank_7.jpg not used!
idlepvp_map_season_1.jpg not used!
idlepvp_map_season_2.jpg not used!
image6.jpg not used!
img_welcome_rank_bg.jpg not used!
income_start.jpg not used!
ivancasino.jpg not used!
ivandps.jpg not used!
ivantreznor.jpg not used!
joined.jpg not used!
jump-tali.jpg not used!
klubni.jpg not used!
lastreltofull3braches.jpg not used!
liam-wang-hgame-icon.jpg not used!
logo.jpg not used!
logo2.jpg not used!
logo2r.jpg not used!
logo2rv2.jpg not used!
loser.jpg not used!
noho.jpg not used!
part1.jpg not used!
part2.jpg not used!
ph.jpg not used!
ptty.jpg not used!
reason.jpg not used!
regions.jpg not used!
relic_elite_icons.jpg not used!
relic_legendary_icons.jpg not used!
relic_myth_celerity.jpg not used!
relic_myth_forti.jpg not used!
relic_myth_might.jpg not used!
relic_myth_sorc.jpg not used!
relic_myth_sustenance.jpg not used!
relics.jpg not used!
res.jpg not used!
result.jpg not used!
secondGIsecondBossStats.jpg not used!
solo.jpg not used!
sorc.jpg not used!
soren.jpg not used!
started.jpg not used!
sust.jpg not used!
sweater.jpg not used!
t4_farm.jpg not used!
t5.jpg not used!
t6.jpg not used!
taliboom.jpg not used!
tanks.jpg not used!
test_luck.jpg not used!
topRUguild.jpg not used!
topdps.jpg not used!
trash_IMG_1790.jpg not used!
tree.jpg not used!
tsrules.jpg not used!
twinkie.jpg not used!
twins_predict_8_07_2022.jpg not used!
underground_T7.jpg not used!
underground_T7_m.jpg not used!
unsrt.jpg not used!
uprising.jpg not used!
vipcost.jpg not used!
war.jpg not used!
who.jpg not used!
woah.jpg not used!
wrizz.jpg not used!
zol.jpg not used!
Т5_1.jpg not used!
Т5_12312.jpg not used!
Т5_2.jpg not used!
Т5_3.jpg not used!
Т5_322.jpg not used!
Т5_34.jpg not used!
Т5_34212.jpg not used!
Т5_342вы.jpg not used!
Т5_4.jpg not used!
Т5_hren.jpg not used!
Т5_гдекферштл.jpg not used!
Т5_хренткстар.jpg not used!
Т6.jpg not used!
Т6_1.jpg not used!
Т6_12.jpg not used!
Т6_4.jpg not used!
Т7_4.jpg not used!
Т7_87.jpg not used!
чыфвыф3.jpg not used!
